[31-Dec-2024 20:26:33 UTC] Original: 100 Percent Natural Tits - Scene_1 - Anissa Kate, New: 100 Percent Natural Tits - Scene_1 - Anissa Kate
[31-Dec-2024 20:26:33 UTC] Original: 100 Percent Natural Tits - Scene_2 - Keely Rose, New: 100 Percent Natural Tits - Scene_2 - Keely Rose
[31-Dec-2024 20:26:33 UTC] Original: 100 Percent Natural Tits - Scene_3 - Mona Azar, New: 100 Percent Natural Tits - Scene_3 - Mona Azar
[31-Dec-2024 20:26:33 UTC] Original: 100 Percent Natural Tits - Scene_4 - Octavia Red, New: 100 Percent Natural Tits - Scene_4 - Octavia Red
[31-Dec-2024 20:26:33 UTC] Original: 40 Year Old Size Queens - Scene_1 - Phyllisha Anne, New: 40 Year Old Size Queens - Scene_1 - Phyllisha Anne
[31-Dec-2024 20:26:33 UTC] Original: 40 Year Old Size Queens - Scene_2 - Kendra Secrets, New: 40 Year Old Size Queens - Scene_2 - Kendra Secrets
[31-Dec-2024 20:26:33 UTC] Original: 40 Year Old Size Queens - Scene_3 - Kelly Leigh, New: 40 Year Old Size Queens - Scene_3 - Kelly Leigh
[31-Dec-2024 20:26:33 UTC] Original: 40 Year Old Size Queens - Scene_4 - Persia Monir, New: 40 Year Old Size Queens - Scene_4 - Persia Monir
[31-Dec-2024 20:26:33 UTC] Original: 75 Nurse Orgy, New: 75 Nurse Orgy
[31-Dec-2024 20:26:33 UTC] Original: Adorable Teens # 01, New: Adorable Teens # 01
[31-Dec-2024 20:26:33 UTC] Original: Anal Fanatic # 03 - Scene_1 - Rachel Roxxx, New: Anal Fanatic # 03 - Scene_1 - Rachel Ro
[31-Dec-2024 20:26:33 UTC] Original: Anal Fanatic # 03 - Scene_2 - Skin Diamond, New: Anal Fanatic # 03 - Scene_2 - Skin Diamond
[31-Dec-2024 20:26:33 UTC] Original: Anal Fanatic # 03 - Scene_3 - London Keyes, New: Anal Fanatic # 03 - Scene_3 - London Keyes
[31-Dec-2024 20:26:33 UTC] Original: Anal Fanatic # 03 - Scene_4 - Mia Lelani, New: Anal Fanatic # 03 - Scene_4 - Mia Lelani
[31-Dec-2024 20:26:33 UTC] Original: Anal Fanatic # 03 - Scene_5 - Gia DiMarco, New: Anal Fanatic # 03 - Scene_5 - Gia Dimarco
[31-Dec-2024 20:26:36 UTC] FFprobe raw output for /Volumes/Recorded 3/fixed/100 Percent Natural Tits - Scene_1 - Anissa Kate.mp4: {
    "programs": [

    ],
    "stream_groups": [

    ],
    "streams": [
        {
            "width": 3840,
            "height": 2160
        },
        {
            "side_data_list": [
                {

                }
            ]
        }
    ],
    "format": {
        "duration": "2108.766667"
    }
}

[31-Dec-2024 20:26:36 UTC] FFprobe raw output for /Volumes/Recorded 3/fixed/100 Percent Natural Tits - Scene_2 - Keely Rose.mp4: {
    "programs": [

    ],
    "stream_groups": [

    ],
    "streams": [
        {
            "width": 3840,
            "height": 2160
        },
        {
            "side_data_list": [
                {

                }
            ]
        }
    ],
    "format": {
        "duration": "2087.500000"
    }
}

[31-Dec-2024 20:26:36 UTC] FFprobe raw output for /Volumes/Recorded 3/fixed/100 Percent Natural Tits - Scene_3 - Mona Azar.mp4: {
    "programs": [

    ],
    "stream_groups": [

    ],
    "streams": [
        {
            "width": 3840,
            "height": 2160
        },
        {
            "side_data_list": [
                {

                }
            ]
        }
    ],
    "format": {
        "duration": "1931.300000"
    }
}

[31-Dec-2024 20:26:36 UTC] FFprobe raw output for /Volumes/Recorded 3/fixed/100 Percent Natural Tits - Scene_4 - Octavia Red.mp4: {
    "programs": [

    ],
    "stream_groups": [

    ],
    "streams": [
        {
            "width": 3840,
            "height": 2160
        },
        {
            "side_data_list": [
                {

                }
            ]
        }
    ],
    "format": {
        "duration": "2535.133333"
    }
}

[31-Dec-2024 20:26:36 UTC] FFprobe raw output for /Volumes/Recorded 3/fixed/40 Year Old Size Queens - Scene_1 - Phyllisha Anne.mp4: {
    "programs": [

    ],
    "stream_groups": [

    ],
    "streams": [
        {
            "width": 720,
            "height": 480
        },
        {

        }
    ],
    "format": {
        "duration": "1301.935269"
    }
}

[31-Dec-2024 20:26:36 UTC] FFprobe raw output for /Volumes/Recorded 3/fixed/40 Year Old Size Queens - Scene_2 - Kendra Secrets.mp4: {
    "programs": [

    ],
    "stream_groups": [

    ],
    "streams": [
        {
            "width": 720,
            "height": 480
        },
        {

        }
    ],
    "format": {
        "duration": "1611.177845"
    }
}

[31-Dec-2024 20:26:36 UTC] FFprobe raw output for /Volumes/Recorded 3/fixed/40 Year Old Size Queens - Scene_3 - Kelly Leigh.mp4: {
    "programs": [

    ],
    "stream_groups": [

    ],
    "streams": [
        {
            "width": 720,
            "height": 480
        },
        {

        }
    ],
    "format": {
        "duration": "1013.113113"
    }
}

[31-Dec-2024 20:26:36 UTC] FFprobe raw output for /Volumes/Recorded 3/fixed/40 Year Old Size Queens - Scene_4 - Persia Monir.mp4: {
    "programs": [

    ],
    "stream_groups": [

    ],
    "streams": [
        {
            "width": 720,
            "height": 480
        },
        {

        }
    ],
    "format": {
        "duration": "1197.197197"
    }
}

[31-Dec-2024 20:26:36 UTC] FFprobe raw output for /Volumes/Recorded 3/fixed/75 Nurse Orgy.avi: {
    "programs": [

    ],
    "stream_groups": [

    ],
    "streams": [
        {
            "width": 352,
            "height": 272
        },
        {

        }
    ],
    "format": {
        "duration": "7750.250000"
    }
}

[31-Dec-2024 20:26:36 UTC] FFprobe raw output for /Volumes/Recorded 3/fixed/Adorable Teens # 01.mkv: {
    "programs": [

    ],
    "stream_groups": [

    ],
    "streams": [
        {
            "width": 1920,
            "height": 1080
        },
        {

        }
    ],
    "format": {
        "duration": "7789.949000"
    }
}

[31-Dec-2024 20:26:36 UTC] FFprobe raw output for /Volumes/Recorded 3/fixed/Anal Fanatic # 03 - Scene_1 - Rachel Roxxx.mp4: {
    "programs": [

    ],
    "stream_groups": [

    ],
    "streams": [
        {
            "width": 1920,
            "height": 1080
        },
        {

        }
    ],
    "format": {
        "duration": "1964.230898"
    }
}

[31-Dec-2024 20:26:36 UTC] FFprobe raw output for /Volumes/Recorded 3/fixed/Anal Fanatic # 03 - Scene_2 - Skin Diamond.mp4: {
    "programs": [

    ],
    "stream_groups": [

    ],
    "streams": [
        {
            "width": 1920,
            "height": 1080
        },
        {

        }
    ],
    "format": {
        "duration": "2123.423423"
    }
}

[31-Dec-2024 20:26:37 UTC] FFprobe raw output for /Volumes/Recorded 3/fixed/Anal Fanatic # 03 - Scene_3 - London Keyes.mp4: {
    "programs": [

    ],
    "stream_groups": [

    ],
    "streams": [
        {
            "width": 1920,
            "height": 1080
        },
        {

        }
    ],
    "format": {
        "duration": "2138.438438"
    }
}

[31-Dec-2024 20:26:37 UTC] FFprobe raw output for /Volumes/Recorded 3/fixed/Anal Fanatic # 03 - Scene_4 - Mia Lelani.mp4: {
    "programs": [

    ],
    "stream_groups": [

    ],
    "streams": [
        {
            "width": 1920,
            "height": 1080
        },
        {

        }
    ],
    "format": {
        "duration": "2007.140474"
    }
}

[31-Dec-2024 20:26:37 UTC] FFprobe raw output for /Volumes/Recorded 3/fixed/Anal Fanatic # 03 - Scene_5 - Gia DiMarco.mp4: {
    "programs": [

    ],
    "stream_groups": [

    ],
    "streams": [
        {
            "width": 1920,
            "height": 1080
        },
        {

        }
    ],
    "format": {
        "duration": "2190.924258"
    }
}

[31-Dec-2024 20:26:37 UTC] populateTitlesArray - Processing file: Array
(
    [fileNameNoExtension] => 100 Percent Natural Tits - Scene_1 - Anissa Kate
    [fileSize] => 5355010400
    [fileDimensions] => 
    [fileDuration] => 2108
    [fileNameAndPath] => /Volumes/Recorded 3/fixed/100 Percent Natural Tits - Scene_1 - Anissa Kate.mp4
)

[31-Dec-2024 20:26:37 UTC] populateTitlesArray - Processing file: Array
(
    [fileNameNoExtension] => 100 Percent Natural Tits - Scene_2 - Keely Rose
    [fileSize] => 5302989868
    [fileDimensions] => 
    [fileDuration] => 2087
    [fileNameAndPath] => /Volumes/Recorded 3/fixed/100 Percent Natural Tits - Scene_2 - Keely Rose.mp4
)

[31-Dec-2024 20:26:37 UTC] populateTitlesArray - Processing file: Array
(
    [fileNameNoExtension] => 100 Percent Natural Tits - Scene_3 - Mona Azar
    [fileSize] => 4774476872
    [fileDimensions] => 
    [fileDuration] => 1931
    [fileNameAndPath] => /Volumes/Recorded 3/fixed/100 Percent Natural Tits - Scene_3 - Mona Azar.mp4
)

[31-Dec-2024 20:26:37 UTC] populateTitlesArray - Processing file: Array
(
    [fileNameNoExtension] => 100 Percent Natural Tits - Scene_4 - Octavia Red
    [fileSize] => 6439652168
    [fileDimensions] => 
    [fileDuration] => 2535
    [fileNameAndPath] => /Volumes/Recorded 3/fixed/100 Percent Natural Tits - Scene_4 - Octavia Red.mp4
)

[31-Dec-2024 20:26:37 UTC] populateTitlesArray - Processing file: Array
(
    [fileNameNoExtension] => 40 Year Old Size Queens - Scene_1 - Phyllisha Anne
    [fileSize] => 217083802
    [fileDimensions] => 
    [fileDuration] => 1301
    [fileNameAndPath] => /Volumes/Recorded 3/fixed/40 Year Old Size Queens - Scene_1 - Phyllisha Anne.mp4
)

[31-Dec-2024 20:26:37 UTC] populateTitlesArray - Processing file: Array
(
    [fileNameNoExtension] => 40 Year Old Size Queens - Scene_2 - Kendra Secrets
    [fileSize] => 268424215
    [fileDimensions] => 
    [fileDuration] => 1611
    [fileNameAndPath] => /Volumes/Recorded 3/fixed/40 Year Old Size Queens - Scene_2 - Kendra Secrets.mp4
)

[31-Dec-2024 20:26:37 UTC] populateTitlesArray - Processing file: Array
(
    [fileNameNoExtension] => 40 Year Old Size Queens - Scene_3 - Kelly Leigh
    [fileSize] => 169305050
    [fileDimensions] => 
    [fileDuration] => 1013
    [fileNameAndPath] => /Volumes/Recorded 3/fixed/40 Year Old Size Queens - Scene_3 - Kelly Leigh.mp4
)

[31-Dec-2024 20:26:37 UTC] populateTitlesArray - Processing file: Array
(
    [fileNameNoExtension] => 40 Year Old Size Queens - Scene_4 - Persia Monir
    [fileSize] => 199053574
    [fileDimensions] => 
    [fileDuration] => 1197
    [fileNameAndPath] => /Volumes/Recorded 3/fixed/40 Year Old Size Queens - Scene_4 - Persia Monir.mp4
)

[31-Dec-2024 20:26:37 UTC] populateTitlesArray - Processing file: Array
(
    [fileNameNoExtension] => 75 Nurse Orgy
    [fileSize] => 638743552
    [fileDimensions] => 
    [fileDuration] => 7750
    [fileNameAndPath] => /Volumes/Recorded 3/fixed/75 Nurse Orgy.avi
)

[31-Dec-2024 20:26:37 UTC] populateTitlesArray - Processing file: Array
(
    [fileNameNoExtension] => Adorable Teens # 01
    [fileSize] => 5018624663
    [fileDimensions] => 
    [fileDuration] => 7789
    [fileNameAndPath] => /Volumes/Recorded 3/fixed/Adorable Teens # 01.mkv
)

[31-Dec-2024 20:26:37 UTC] populateTitlesArray - Processing file: Array
(
    [fileNameNoExtension] => Anal Fanatic # 03 - Scene_1 - Rachel Roxxx
    [fileSize] => 1994019275
    [fileDimensions] => 
    [fileDuration] => 1964
    [fileNameAndPath] => /Volumes/Recorded 3/fixed/Anal Fanatic # 03 - Scene_1 - Rachel Roxxx.mp4
)

[31-Dec-2024 20:26:37 UTC] populateTitlesArray - Processing file: Array
(
    [fileNameNoExtension] => Anal Fanatic # 03 - Scene_2 - Skin Diamond
    [fileSize] => 2156845861
    [fileDimensions] => 
    [fileDuration] => 2123
    [fileNameAndPath] => /Volumes/Recorded 3/fixed/Anal Fanatic # 03 - Scene_2 - Skin Diamond.mp4
)

[31-Dec-2024 20:26:37 UTC] populateTitlesArray - Processing file: Array
(
    [fileNameNoExtension] => Anal Fanatic # 03 - Scene_3 - London Keyes
    [fileSize] => 2173396738
    [fileDimensions] => 
    [fileDuration] => 2138
    [fileNameAndPath] => /Volumes/Recorded 3/fixed/Anal Fanatic # 03 - Scene_3 - London Keyes.mp4
)

[31-Dec-2024 20:26:37 UTC] populateTitlesArray - Processing file: Array
(
    [fileNameNoExtension] => Anal Fanatic # 03 - Scene_4 - Mia Lelani
    [fileSize] => 2041388413
    [fileDimensions] => 
    [fileDuration] => 2007
    [fileNameAndPath] => /Volumes/Recorded 3/fixed/Anal Fanatic # 03 - Scene_4 - Mia Lelani.mp4
)

[31-Dec-2024 20:26:37 UTC] populateTitlesArray - Processing file: Array
(
    [fileNameNoExtension] => Anal Fanatic # 03 - Scene_5 - Gia DiMarco
    [fileSize] => 2226299138
    [fileDimensions] => 
    [fileDuration] => 2190
    [fileNameAndPath] => /Volumes/Recorded 3/fixed/Anal Fanatic # 03 - Scene_5 - Gia DiMarco.mp4
)

[31-Dec-2024 20:26:37 UTC] Main Script - Processing titleItem: Array
(
    [title] => 100 Percent Natural Tits
    [titleSize] => 21872129308
    [fileDimensions] => 
    [titleDuration] => 8661
    [titlePath] => /Volumes/Recorded 3/fixed/100 Percent Natural Tits - Scene_1 - Anissa Kate.mp4
)

[31-Dec-2024 20:26:37 UTC] checkDatabaseForTitle - Initial titleItem: Array
(
    [title] => 100 Percent Natural Tits
    [titleSize] => 21872129308
    [fileDimensions] => 
    [titleDuration] => 8661
    [titlePath] => /Volumes/Recorded 3/fixed/100 Percent Natural Tits - Scene_1 - Anissa Kate.mp4
)

[31-Dec-2024 20:26:37 UTC] addToDB - titleItem to be inserted: Array
(
    [title] => 100 Percent Natural Tits
    [titleSize] => 21872129308
    [fileDimensions] => 
    [titleDuration] => 8661
    [titlePath] => /Volumes/Recorded 3/fixed/100 Percent Natural Tits - Scene_1 - Anissa Kate.mp4
)

[31-Dec-2024 20:26:37 UTC] Preparing to insert: title=100 Percent Natural Tits, dimensions=, size=21872129308, duration=8661
[31-Dec-2024 20:26:37 UTC] PHP Fatal error:  Uncaught mysqli_sql_exception: Column count doesn't match value count at row 1 in /Users/sean/Sites/moviedbnew/server/processFilesForDB.php:326
Stack trace:
#0 /Users/sean/Sites/moviedbnew/server/processFilesForDB.php(326): mysqli->prepare('INSERT IGNORE I...')
#1 /Users/sean/Sites/moviedbnew/server/processFilesForDB.php(232): addToDB(Array, Object(mysqli), 'movies_het')
#2 /Users/sean/Sites/moviedbnew/server/processFilesForDB.php(122): checkDatabaseForTitle(Array, Array, Array, Array, Object(mysqli), 'movies_het')
#3 {main}
  thrown in /Users/sean/Sites/moviedbnew/server/processFilesForDB.php on line 326
